<?xml version="1.0" encoding="UTF-8"?>
<testsuite xmlns:xsi="http://www.w3.org/2001/XMLSchema-instance" xsi:noNamespaceSchemaLocation="https://maven.apache.org/surefire/maven-surefire-plugin/xsd/surefire-test-report.xsd" name="programmer.zaman.now.test.ConditionTest" time="0.385" tests="12" errors="0" skipped="5" failures="0">
  <properties>
[...]
</properties>
  <testcase name="TestEnabledOnProfileDev" classname="programmer.zaman.now.test.ConditionTest" time="0">
    <skipped message="Environment variable [PROFILE] does not exist"/>
  </testcase>
  <testcase name="testRunOnlyOnWindows" classname="programmer.zaman.now.test.ConditionTest" time="0"/>
  <testcase name="testEnabledJava11to15" classname="programmer.zaman.now.test.ConditionTest" time="0"/>
  <testcase name="testDisabledOnJavaVendorOracle" classname="programmer.zaman.now.test.ConditionTest" time="0">
    <skipped message="System property [java.vendor] with value [Oracle Corporation] matches regular expression [Oracle Corporation]"/>
  </testcase>
  <testcase name="testSystemProperties" classname="programmer.zaman.now.test.ConditionTest" time="0.378"/>
  <testcase name="TestDisabledOnProfileDev" classname="programmer.zaman.now.test.ConditionTest" time="0"/>
  <testcase name="testEnabledJava8" classname="programmer.zaman.now.test.ConditionTest" time="0">
    <skipped message="Disabled on JRE version: 15.0.1"/>
  </testcase>
  <testcase name="testDisabledJava11to15" classname="programmer.zaman.now.test.ConditionTest" time="0">
    <skipped message="Disabled on JRE version: 15.0.1"/>
  </testcase>
  <testcase name="testDisabledOnWindows" classname="programmer.zaman.now.test.ConditionTest" time="0">
    <skipped message="Disabled on operating system: Windows 10"/>
  </testcase>
  <testcase name="testEnableOnJavaVendorOracle" classname="programmer.zaman.now.test.ConditionTest" time="0.001"/>
  <testcase name="testDisabledJava8" classname="programmer.zaman.now.test.ConditionTest" time="0"/>
  <testcase name="enableOnOracle" classname="programmer.zaman.now.test.ConditionTest" time="0"/>
</testsuite>